<?xml version="1.0" encoding="UTF-8"?>
<!-- Generated by org.testng.reporters.JUnitXMLReporter -->
<testsuite hostname="VivekPC" ignored="0" name="Test" tests="5" failures="0" timestamp="12 Dec 2018 05:05:24 GMT" time="53.638" errors="0">
  <testcase name="toVerifyHemberger" time="26.776" classname="homePageTestCases.toverifyHeaders"/>
  <testcase name="toverifysearch" time="6.871" classname="homePageTestCases.toverifyHeaders"/>
  <testcase name="toVerifyNYTlogo" time="0.075" classname="homePageTestCases.toverifyHeaders"/>
  <testcase name="toVerifySectionListItem" time="1.326" classname="homePageTestCases.toverifyHeaders"/>
  <testcase name="toVerifylogin" time="15.0" classname="homePageTestCases.toverifyHeaders"/>
</testsuite> <!-- Test -->
